Working in 20170101...
Working in 20170102...
Working in 20170103...
Working in 20170104...
Working in 20170105...
Processing /mmt/wfsdat/20170105/auto_wfs_0003...
Failure in data loading or spot finding in /mmt/wfsdat/20170105/auto_wfs_0003: time data 'Thu Jan 05 2017       01:13:24 UTC' does not match format '%Y-%m-%d %H:%M:%S %Z'
Not processing /mmt/wfsdat/20170105/auto_wfs_0003_ave because it's an average of multiple images
Processing /mmt/wfsdat/20170105/auto_wfs_0004...
Failure in data loading or spot finding in /mmt/wfsdat/20170105/auto_wfs_0004: time data 'Thu Jan 05 2017       01:14:07 UTC' does not match format '%Y-%m-%d %H:%M:%S %Z'
Processing /mmt/wfsdat/20170105/auto_wfs_0023...
Failure in data loading or spot finding in /mmt/wfsdat/20170105/auto_wfs_0023: time data 'Thu Jan 05 2017       02:29:58 UTC' does not match format '%Y-%m-%d %H:%M:%S %Z'
Processing /mmt/wfsdat/20170105/auto_wfs_0024...
Failure in data loading or spot finding in /mmt/wfsdat/20170105/auto_wfs_0024: time data 'Thu Jan 05 2017       02:30:21 UTC' does not match format '%Y-%m-%d %H:%M:%S %Z'
Processing /mmt/wfsdat/20170105/auto_wfs_0025...
Failure in data loading or spot finding in /mmt/wfsdat/20170105/auto_wfs_0025: time data 'Thu Jan 05 2017       02:30:31 UTC' does not match format '%Y-%m-%d %H:%M:%S %Z'
Processing /mmt/wfsdat/20170105/auto_wfs_0042...
Failure in data loading or spot finding in /mmt/wfsdat/20170105/auto_wfs_0042: time data 'Thu Jan 05 2017       03:46:04 UTC' does not match format '%Y-%m-%d %H:%M:%S %Z'
Not processing /mmt/wfsdat/20170105/auto_wfs_0042_ave because it's an average of multiple images
Processing /mmt/wfsdat/20170105/auto_wfs_0043...
Failure in data loading or spot finding in /mmt/wfsdat/20170105/auto_wfs_0043: time data 'Thu Jan 05 2017       07:22:51 UTC' does not match format '%Y-%m-%d %H:%M:%S %Z'
Not processing /mmt/wfsdat/20170105/auto_wfs_0048_ave because it's an average of multiple images
Processing /mmt/wfsdat/20170105/auto_wfs_0049...
Failure in data loading or spot finding in /mmt/wfsdat/20170105/auto_wfs_0049: time data 'Thu Jan 05 2017       07:25:47 UTC' does not match format '%Y-%m-%d %H:%M:%S %Z'
Processing /mmt/wfsdat/20170105/auto_wfs_0050...
Failure in data loading or spot finding in /mmt/wfsdat/20170105/auto_wfs_0050: time data 'Thu Jan 05 2017       07:25:58 UTC' does not match format '%Y-%m-%d %H:%M:%S %Z'
Processing /mmt/wfsdat/20170105/manual_wfs_0000...
Failure in data loading or spot finding in /mmt/wfsdat/20170105/manual_wfs_0000: time data 'Thu Jan 05 2017       01:11:47 UTC' does not match format '%Y-%m-%d %H:%M:%S %Z'
Processing /mmt/wfsdat/20170105/manual_wfs_0001...
Failure in data loading or spot finding in /mmt/wfsdat/20170105/manual_wfs_0001: time data 'Thu Jan 05 2017       01:12:19 UTC' does not match format '%Y-%m-%d %H:%M:%S %Z'
Processing /mmt/wfsdat/20170105/manual_wfs_0002...
Failure in data loading or spot finding in /mmt/wfsdat/20170105/manual_wfs_0002: time data 'Thu Jan 05 2017       01:42:49 UTC' does not match format '%Y-%m-%d %H:%M:%S %Z'
Not processing /mmt/wfsdat/20170105/auto_wfs_0009_ave because it's an average of multiple images
Processing /mmt/wfsdat/20170105/auto_wfs_0010...
Failure in data loading or spot finding in /mmt/wfsdat/20170105/auto_wfs_0010: time data 'Thu Jan 05 2017       01:15:57 UTC' does not match format '%Y-%m-%d %H:%M:%S %Z'
Processing /mmt/wfsdat/20170105/auto_wfs_0011...
Failure in data loading or spot finding in /mmt/wfsdat/20170105/auto_wfs_0011: time data 'Thu Jan 05 2017       01:16:05 UTC' does not match format '%Y-%m-%d %H:%M:%S %Z'
Processing /mmt/wfsdat/20170105/auto_wfs_0019...
Failure in data loading or spot finding in /mmt/wfsdat/20170105/auto_wfs_0019: time data 'Thu Jan 05 2017       01:45:31 UTC' does not match format '%Y-%m-%d %H:%M:%S %Z'
Not processing /mmt/wfsdat/20170105/auto_wfs_0019_ave because it's an average of multiple images
Processing /mmt/wfsdat/20170105/auto_wfs_0020...
Failure in data loading or spot finding in /mmt/wfsdat/20170105/auto_wfs_0020: time data 'Thu Jan 05 2017       01:46:10 UTC' does not match format '%Y-%m-%d %H:%M:%S %Z'
Not processing /mmt/wfsdat/20170105/auto_wfs_0039_ave because it's an average of multiple images
Processing /mmt/wfsdat/20170105/auto_wfs_0040...
Failure in data loading or spot finding in /mmt/wfsdat/20170105/auto_wfs_0040: time data 'Thu Jan 05 2017       03:45:42 UTC' does not match format '%Y-%m-%d %H:%M:%S %Z'
Processing /mmt/wfsdat/20170105/auto_wfs_0041...
Failure in data loading or spot finding in /mmt/wfsdat/20170105/auto_wfs_0041: time data 'Thu Jan 05 2017       03:45:53 UTC' does not match format '%Y-%m-%d %H:%M:%S %Z'
Processing /mmt/wfsdat/20170105/auto_wfs_0051...
Failure in data loading or spot finding in /mmt/wfsdat/20170105/auto_wfs_0051: time data 'Thu Jan 05 2017       07:26:10 UTC' does not match format '%Y-%m-%d %H:%M:%S %Z'
Not processing /mmt/wfsdat/20170105/auto_wfs_0051_ave because it's an average of multiple images
Processing /mmt/wfsdat/20170105/auto_wfs_0052...
Failure in data loading or spot finding in /mmt/wfsdat/20170105/auto_wfs_0052: time data 'Thu Jan 05 2017       11:25:17 UTC' does not match format '%Y-%m-%d %H:%M:%S %Z'
Processing /mmt/wfsdat/20170105/manual_wfs_0003...
Failure in data loading or spot finding in /mmt/wfsdat/20170105/manual_wfs_0003: time data 'Thu Jan 05 2017       01:43:34 UTC' does not match format '%Y-%m-%d %H:%M:%S %Z'
Processing /mmt/wfsdat/20170105/manual_wfs_0004...
Failure in data loading or spot finding in /mmt/wfsdat/20170105/manual_wfs_0004: time data 'Thu Jan 05 2017       02:29:23 UTC' does not match format '%Y-%m-%d %H:%M:%S %Z'
Processing /mmt/wfsdat/20170105/manual_wfs_0005...
Failure in data loading or spot finding in /mmt/wfsdat/20170105/manual_wfs_0005: time data 'Thu Jan 05 2017       02:54:13 UTC' does not match format '%Y-%m-%d %H:%M:%S %Z'
Processing /mmt/wfsdat/20170105/auto_wfs_0005...
Failure in data loading or spot finding in /mmt/wfsdat/20170105/auto_wfs_0005: time data 'Thu Jan 05 2017       01:14:15 UTC' does not match format '%Y-%m-%d %H:%M:%S %Z'
Processing /mmt/wfsdat/20170105/auto_wfs_0006...
Failure in data loading or spot finding in /mmt/wfsdat/20170105/auto_wfs_0006: time data 'Thu Jan 05 2017       01:14:23 UTC' does not match format '%Y-%m-%d %H:%M:%S %Z'
Not processing /mmt/wfsdat/20170105/auto_wfs_0006_ave because it's an average of multiple images
Processing /mmt/wfsdat/20170105/auto_wfs_0035...
Failure in data loading or spot finding in /mmt/wfsdat/20170105/auto_wfs_0035: time data 'Thu Jan 05 2017       03:43:56 UTC' does not match format '%Y-%m-%d %H:%M:%S %Z'
Processing /mmt/wfsdat/20170105/auto_wfs_0036...
Failure in data loading or spot finding in /mmt/wfsdat/20170105/auto_wfs_0036: time data 'Thu Jan 05 2017       03:44:07 UTC' does not match format '%Y-%m-%d %H:%M:%S %Z'
Not processing /mmt/wfsdat/20170105/auto_wfs_0036_ave because it's an average of multiple images
Processing /mmt/wfsdat/20170105/auto_wfs_0046...
Failure in data loading or spot finding in /mmt/wfsdat/20170105/auto_wfs_0046: time data 'Thu Jan 05 2017       07:24:25 UTC' does not match format '%Y-%m-%d %H:%M:%S %Z'
Processing /mmt/wfsdat/20170105/auto_wfs_0047...
Failure in data loading or spot finding in /mmt/wfsdat/20170105/auto_wfs_0047: time data 'Thu Jan 05 2017       07:24:36 UTC' does not match format '%Y-%m-%d %H:%M:%S %Z'
Processing /mmt/wfsdat/20170105/auto_wfs_0048...
Failure in data loading or spot finding in /mmt/wfsdat/20170105/auto_wfs_0048: time data 'Thu Jan 05 2017       07:24:47 UTC' does not match format '%Y-%m-%d %H:%M:%S %Z'
Not processing /mmt/wfsdat/20170105/auto_wfs_0057_ave because it's an average of multiple images
Processing /mmt/wfsdat/20170105/auto_wfs_0058...
Failure in data loading or spot finding in /mmt/wfsdat/20170105/auto_wfs_0058: time data 'Thu Jan 05 2017       11:27:24 UTC' does not match format '%Y-%m-%d %H:%M:%S %Z'
Processing /mmt/wfsdat/20170105/back...
Failure in data loading or spot finding in /mmt/wfsdat/20170105/back: time data 'Thu Jan 05 2017       11:26:45 UTC' does not match format '%Y-%m-%d %H:%M:%S %Z'
Processing /mmt/wfsdat/20170105/manual_wfs_0009...
Failure in data loading or spot finding in /mmt/wfsdat/20170105/manual_wfs_0009: time data 'Thu Jan 05 2017       03:20:18 UTC' does not match format '%Y-%m-%d %H:%M:%S %Z'
Processing /mmt/wfsdat/20170105/manual_wfs_0010...
Failure in data loading or spot finding in /mmt/wfsdat/20170105/manual_wfs_0010: time data 'Thu Jan 05 2017       03:41:52 UTC' does not match format '%Y-%m-%d %H:%M:%S %Z'
Processing /mmt/wfsdat/20170105/manual_wfs_0011...
Failure in data loading or spot finding in /mmt/wfsdat/20170105/manual_wfs_0011: time data 'Thu Jan 05 2017       03:42:47 UTC' does not match format '%Y-%m-%d %H:%M:%S %Z'
Processing /mmt/wfsdat/20170105/auto_wfs_0014...
Failure in data loading or spot finding in /mmt/wfsdat/20170105/auto_wfs_0014: time data 'Thu Jan 05 2017       01:44:19 UTC' does not match format '%Y-%m-%d %H:%M:%S %Z'
Processing /mmt/wfsdat/20170105/auto_wfs_0015...
Failure in data loading or spot finding in /mmt/wfsdat/20170105/auto_wfs_0015: time data 'Thu Jan 05 2017       01:44:28 UTC' does not match format '%Y-%m-%d %H:%M:%S %Z'
Processing /mmt/wfsdat/20170105/auto_wfs_0016...
Failure in data loading or spot finding in /mmt/wfsdat/20170105/auto_wfs_0016: time data 'Thu Jan 05 2017       01:44:37 UTC' does not match format '%Y-%m-%d %H:%M:%S %Z'
Processing /mmt/wfsdat/20170105/auto_wfs_0037...
Failure in data loading or spot finding in /mmt/wfsdat/20170105/auto_wfs_0037: time data 'Thu Jan 05 2017       03:44:43 UTC' does not match format '%Y-%m-%d %H:%M:%S %Z'
Processing /mmt/wfsdat/20170105/auto_wfs_0038...
Failure in data loading or spot finding in /mmt/wfsdat/20170105/auto_wfs_0038: time data 'Thu Jan 05 2017       03:44:54 UTC' does not match format '%Y-%m-%d %H:%M:%S %Z'
Processing /mmt/wfsdat/20170105/auto_wfs_0039...
Failure in data loading or spot finding in /mmt/wfsdat/20170105/auto_wfs_0039: time data 'Thu Jan 05 2017       03:45:05 UTC' does not match format '%Y-%m-%d %H:%M:%S %Z'
Processing /mmt/wfsdat/20170105/auto_wfs_0055...
Failure in data loading or spot finding in /mmt/wfsdat/20170105/auto_wfs_0055: time data 'Thu Jan 05 2017       11:26:23 UTC' does not match format '%Y-%m-%d %H:%M:%S %Z'
Processing /mmt/wfsdat/20170105/auto_wfs_0056...
Failure in data loading or spot finding in /mmt/wfsdat/20170105/auto_wfs_0056: time data 'Thu Jan 05 2017       11:26:34 UTC' does not match format '%Y-%m-%d %H:%M:%S %Z'
Processing /mmt/wfsdat/20170105/auto_wfs_0057...
Failure in data loading or spot finding in /mmt/wfsdat/20170105/auto_wfs_0057: time data 'Thu Jan 05 2017       11:26:45 UTC' does not match format '%Y-%m-%d %H:%M:%S %Z'
Processing /mmt/wfsdat/20170105/manual_wfs_0012...
Failure in data loading or spot finding in /mmt/wfsdat/20170105/manual_wfs_0012: time data 'Thu Jan 05 2017       07:21:31 UTC' does not match format '%Y-%m-%d %H:%M:%S %Z'
Processing /mmt/wfsdat/20170105/manual_wfs_0013...
Failure in data loading or spot finding in /mmt/wfsdat/20170105/manual_wfs_0013: time data 'Thu Jan 05 2017       07:22:20 UTC' does not match format '%Y-%m-%d %H:%M:%S %Z'
Processing /mmt/wfsdat/20170105/manual_wfs_0014...
Failure in data loading or spot finding in /mmt/wfsdat/20170105/manual_wfs_0014: time data 'Thu Jan 05 2017       11:24:40 UTC' does not match format '%Y-%m-%d %H:%M:%S %Z'
Processing /mmt/wfsdat/20170105/auto_wfs_0007...
Failure in data loading or spot finding in /mmt/wfsdat/20170105/auto_wfs_0007: time data 'Thu Jan 05 2017       01:15:04 UTC' does not match format '%Y-%m-%d %H:%M:%S %Z'
Processing /mmt/wfsdat/20170105/auto_wfs_0008...
Failure in data loading or spot finding in /mmt/wfsdat/20170105/auto_wfs_0008: time data 'Thu Jan 05 2017       01:15:12 UTC' does not match format '%Y-%m-%d %H:%M:%S %Z'
Processing /mmt/wfsdat/20170105/auto_wfs_0009...
Failure in data loading or spot finding in /mmt/wfsdat/20170105/auto_wfs_0009: time data 'Thu Jan 05 2017       01:15:20 UTC' does not match format '%Y-%m-%d %H:%M:%S %Z'
Not processing /mmt/wfsdat/20170105/auto_wfs_0016_ave because it's an average of multiple images
Processing /mmt/wfsdat/20170105/auto_wfs_0017...
Failure in data loading or spot finding in /mmt/wfsdat/20170105/auto_wfs_0017: time data 'Thu Jan 05 2017       01:45:13 UTC' does not match format '%Y-%m-%d %H:%M:%S %Z'
Processing /mmt/wfsdat/20170105/auto_wfs_0018...
Failure in data loading or spot finding in /mmt/wfsdat/20170105/auto_wfs_0018: time data 'Thu Jan 05 2017       01:45:22 UTC' does not match format '%Y-%m-%d %H:%M:%S %Z'
Processing /mmt/wfsdat/20170105/auto_wfs_0021...
Failure in data loading or spot finding in /mmt/wfsdat/20170105/auto_wfs_0021: time data 'Thu Jan 05 2017       01:46:19 UTC' does not match format '%Y-%m-%d %H:%M:%S %Z'
Processing /mmt/wfsdat/20170105/auto_wfs_0022...
Failure in data loading or spot finding in /mmt/wfsdat/20170105/auto_wfs_0022: time data 'Thu Jan 05 2017       01:46:28 UTC' does not match format '%Y-%m-%d %H:%M:%S %Z'
Not processing /mmt/wfsdat/20170105/auto_wfs_0022_ave because it's an average of multiple images
Not processing /mmt/wfsdat/20170105/auto_wfs_0032_ave because it's an average of multiple images
Processing /mmt/wfsdat/20170105/auto_wfs_0033...
Failure in data loading or spot finding in /mmt/wfsdat/20170105/auto_wfs_0033: time data 'Thu Jan 05 2017       03:43:21 UTC' does not match format '%Y-%m-%d %H:%M:%S %Z'
Processing /mmt/wfsdat/20170105/auto_wfs_0034...
Failure in data loading or spot finding in /mmt/wfsdat/20170105/auto_wfs_0034: time data 'Thu Jan 05 2017       03:43:45 UTC' does not match format '%Y-%m-%d %H:%M:%S %Z'
Processing /mmt/wfsdat/20170105/auto_wfs_0000...
Failure in data loading or spot finding in /mmt/wfsdat/20170105/auto_wfs_0000: time data 'Thu Jan 05 2017       01:12:45 UTC' does not match format '%Y-%m-%d %H:%M:%S %Z'
Processing /mmt/wfsdat/20170105/auto_wfs_0001...
Failure in data loading or spot finding in /mmt/wfsdat/20170105/auto_wfs_0001: time data 'Thu Jan 05 2017       01:13:08 UTC' does not match format '%Y-%m-%d %H:%M:%S %Z'
Processing /mmt/wfsdat/20170105/auto_wfs_0002...
Failure in data loading or spot finding in /mmt/wfsdat/20170105/auto_wfs_0002: time data 'Thu Jan 05 2017       01:13:16 UTC' does not match format '%Y-%m-%d %H:%M:%S %Z'
Processing /mmt/wfsdat/20170105/auto_wfs_0026...
Failure in data loading or spot finding in /mmt/wfsdat/20170105/auto_wfs_0026: time data 'Thu Jan 05 2017       02:30:44 UTC' does not match format '%Y-%m-%d %H:%M:%S %Z'
Not processing /mmt/wfsdat/20170105/auto_wfs_0026_ave because it's an average of multiple images
Processing /mmt/wfsdat/20170105/auto_wfs_0027...
Failure in data loading or spot finding in /mmt/wfsdat/20170105/auto_wfs_0027: time data 'Thu Jan 05 2017       02:31:23 UTC' does not match format '%Y-%m-%d %H:%M:%S %Z'
Processing /mmt/wfsdat/20170105/auto_wfs_0012...
Failure in data loading or spot finding in /mmt/wfsdat/20170105/auto_wfs_0012: time data 'Thu Jan 05 2017       01:16:13 UTC' does not match format '%Y-%m-%d %H:%M:%S %Z'
Not processing /mmt/wfsdat/20170105/auto_wfs_0012_ave because it's an average of multiple images
Processing /mmt/wfsdat/20170105/auto_wfs_0013...
Failure in data loading or spot finding in /mmt/wfsdat/20170105/auto_wfs_0013: time data 'Thu Jan 05 2017       01:43:59 UTC' does not match format '%Y-%m-%d %H:%M:%S %Z'
Processing /mmt/wfsdat/20170105/auto_wfs_0028...
Failure in data loading or spot finding in /mmt/wfsdat/20170105/auto_wfs_0028: time data 'Thu Jan 05 2017       02:31:35 UTC' does not match format '%Y-%m-%d %H:%M:%S %Z'
Processing /mmt/wfsdat/20170105/auto_wfs_0029...
Failure in data loading or spot finding in /mmt/wfsdat/20170105/auto_wfs_0029: time data 'Thu Jan 05 2017       02:31:47 UTC' does not match format '%Y-%m-%d %H:%M:%S %Z'
Not processing /mmt/wfsdat/20170105/auto_wfs_0029_ave because it's an average of multiple images
Processing /mmt/wfsdat/20170105/auto_wfs_0030...
Failure in data loading or spot finding in /mmt/wfsdat/20170105/auto_wfs_0030: time data 'Thu Jan 05 2017       02:32:26 UTC' does not match format '%Y-%m-%d %H:%M:%S %Z'
Processing /mmt/wfsdat/20170105/auto_wfs_0031...
Failure in data loading or spot finding in /mmt/wfsdat/20170105/auto_wfs_0031: time data 'Thu Jan 05 2017       02:32:36 UTC' does not match format '%Y-%m-%d %H:%M:%S %Z'
Processing /mmt/wfsdat/20170105/auto_wfs_0032...
Failure in data loading or spot finding in /mmt/wfsdat/20170105/auto_wfs_0032: time data 'Thu Jan 05 2017       02:32:48 UTC' does not match format '%Y-%m-%d %H:%M:%S %Z'
Processing /mmt/wfsdat/20170105/auto_wfs_0044...
Failure in data loading or spot finding in /mmt/wfsdat/20170105/auto_wfs_0044: time data 'Thu Jan 05 2017       07:23:02 UTC' does not match format '%Y-%m-%d %H:%M:%S %Z'
Processing /mmt/wfsdat/20170105/auto_wfs_0045...
Failure in data loading or spot finding in /mmt/wfsdat/20170105/auto_wfs_0045: time data 'Thu Jan 05 2017       07:23:12 UTC' does not match format '%Y-%m-%d %H:%M:%S %Z'
Not processing /mmt/wfsdat/20170105/auto_wfs_0045_ave because it's an average of multiple images
Processing /mmt/wfsdat/20170105/auto_wfs_0053...
Failure in data loading or spot finding in /mmt/wfsdat/20170105/auto_wfs_0053: time data 'Thu Jan 05 2017       11:25:29 UTC' does not match format '%Y-%m-%d %H:%M:%S %Z'
Processing /mmt/wfsdat/20170105/auto_wfs_0054...
Failure in data loading or spot finding in /mmt/wfsdat/20170105/auto_wfs_0054: time data 'Thu Jan 05 2017       11:25:40 UTC' does not match format '%Y-%m-%d %H:%M:%S %Z'
Not processing /mmt/wfsdat/20170105/auto_wfs_0054_ave because it's an average of multiple images
Processing /mmt/wfsdat/20170105/manual_wfs_0006...
Failure in data loading or spot finding in /mmt/wfsdat/20170105/manual_wfs_0006: time data 'Thu Jan 05 2017       02:54:53 UTC' does not match format '%Y-%m-%d %H:%M:%S %Z'
Processing /mmt/wfsdat/20170105/manual_wfs_0007...
Failure in data loading or spot finding in /mmt/wfsdat/20170105/manual_wfs_0007: time data 'Thu Jan 05 2017       02:55:23 UTC' does not match format '%Y-%m-%d %H:%M:%S %Z'
Processing /mmt/wfsdat/20170105/manual_wfs_0008...
Failure in data loading or spot finding in /mmt/wfsdat/20170105/manual_wfs_0008: time data 'Thu Jan 05 2017       03:19:52 UTC' does not match format '%Y-%m-%d %H:%M:%S %Z'
Processing /mmt/wfsdat/20170105/manual_wfs_0015...
Failure in data loading or spot finding in /mmt/wfsdat/20170105/manual_wfs_0015: time data 'Thu Jan 05 2017       11:24:53 UTC' does not match format '%Y-%m-%d %H:%M:%S %Z'
Processing /mmt/wfsdat/20170105/tmp...
/mmt/wfsdat/20170105/tmp had 20 warnings when fitting 2D gaussians
/mmt/wfsdat/20170105/tmp had 6 warnings when fitting 2D Moffat profiles
Working in 20170106...
Processing /mmt/wfsdat/20170106/auto_wfs_0004...
Failure in data loading or spot finding in /mmt/wfsdat/20170106/auto_wfs_0004: time data 'Fri Jan 06 2017       03:50:58 UTC' does not match format '%Y-%m-%d %H:%M:%S %Z'
Processing /mmt/wfsdat/20170106/auto_wfs_0011...
Failure in data loading or spot finding in /mmt/wfsdat/20170106/auto_wfs_0011: time data 'Fri Jan 06 2017       03:53:40 UTC' does not match format '%Y-%m-%d %H:%M:%S %Z'
Processing /mmt/wfsdat/20170106/back...
Failure in data loading or spot finding in /mmt/wfsdat/20170106/back: time data 'Fri Jan 06 2017       03:56:35 UTC' does not match format '%Y-%m-%d %H:%M:%S %Z'
Processing /mmt/wfsdat/20170106/manual_wfs_0001...
Failure in data loading or spot finding in /mmt/wfsdat/20170106/manual_wfs_0001: time data 'Fri Jan 06 2017       00:58:19 UTC' does not match format '%Y-%m-%d %H:%M:%S %Z'
Processing /mmt/wfsdat/20170106/manual_wfs_0003...
Failure in data loading or spot finding in /mmt/wfsdat/20170106/manual_wfs_0003: time data 'Fri Jan 06 2017       03:49:57 UTC' does not match format '%Y-%m-%d %H:%M:%S %Z'
Processing /mmt/wfsdat/20170106/manual_wfs_0005...
Failure in data loading or spot finding in /mmt/wfsdat/20170106/manual_wfs_0005: time data 'Fri Jan 06 2017       03:55:51 UTC' does not match format '%Y-%m-%d %H:%M:%S %Z'
Processing /mmt/wfsdat/20170106/auto_wfs_0005...
Failure in data loading or spot finding in /mmt/wfsdat/20170106/auto_wfs_0005: time data 'Fri Jan 06 2017       03:51:11 UTC' does not match format '%Y-%m-%d %H:%M:%S %Z'
Processing /mmt/wfsdat/20170106/auto_wfs_0010...
Failure in data loading or spot finding in /mmt/wfsdat/20170106/auto_wfs_0010: time data 'Fri Jan 06 2017       03:53:11 UTC' does not match format '%Y-%m-%d %H:%M:%S %Z'
Not processing /mmt/wfsdat/20170106/auto_wfs_0006_ave because it's an average of multiple images
Processing /mmt/wfsdat/20170106/auto_wfs_0007...
Failure in data loading or spot finding in /mmt/wfsdat/20170106/auto_wfs_0007: time data 'Fri Jan 06 2017       03:52:08 UTC' does not match format '%Y-%m-%d %H:%M:%S %Z'
Processing /mmt/wfsdat/20170106/auto_wfs_0013...
Failure in data loading or spot finding in /mmt/wfsdat/20170106/auto_wfs_0013: time data 'Fri Jan 06 2017       03:54:19 UTC' does not match format '%Y-%m-%d %H:%M:%S %Z'
Processing /mmt/wfsdat/20170106/auto_wfs_0002...
Failure in data loading or spot finding in /mmt/wfsdat/20170106/auto_wfs_0002: time data 'Fri Jan 06 2017       00:59:35 UTC' does not match format '%Y-%m-%d %H:%M:%S %Z'
Processing /mmt/wfsdat/20170106/auto_wfs_0009...
Failure in data loading or spot finding in /mmt/wfsdat/20170106/auto_wfs_0009: time data 'Fri Jan 06 2017       03:52:47 UTC' does not match format '%Y-%m-%d %H:%M:%S %Z'
Not processing /mmt/wfsdat/20170106/auto_wfs_0017_ave because it's an average of multiple images
Processing /mmt/wfsdat/20170106/auto_wfs_0018...
Failure in data loading or spot finding in /mmt/wfsdat/20170106/auto_wfs_0018: time data 'Fri Jan 06 2017       03:57:13 UTC' does not match format '%Y-%m-%d %H:%M:%S %Z'
Processing /mmt/wfsdat/20170106/auto_wfs_0000...
Failure in data loading or spot finding in /mmt/wfsdat/20170106/auto_wfs_0000: time data 'Fri Jan 06 2017       00:59:16 UTC' does not match format '%Y-%m-%d %H:%M:%S %Z'
Processing /mmt/wfsdat/20170106/auto_wfs_0008...
Failure in data loading or spot finding in /mmt/wfsdat/20170106/auto_wfs_0008: time data 'Fri Jan 06 2017       03:52:32 UTC' does not match format '%Y-%m-%d %H:%M:%S %Z'
Processing /mmt/wfsdat/20170106/auto_wfs_0016...
Failure in data loading or spot finding in /mmt/wfsdat/20170106/auto_wfs_0016: time data 'Fri Jan 06 2017       03:56:23 UTC' does not match format '%Y-%m-%d %H:%M:%S %Z'
Processing /mmt/wfsdat/20170106/auto_wfs_0003...
Failure in data loading or spot finding in /mmt/wfsdat/20170106/auto_wfs_0003: time data 'Fri Jan 06 2017       00:59:45 UTC' does not match format '%Y-%m-%d %H:%M:%S %Z'
Processing /mmt/wfsdat/20170106/auto_wfs_0020...
Failure in data loading or spot finding in /mmt/wfsdat/20170106/auto_wfs_0020: time data 'Fri Jan 06 2017       03:57:46 UTC' does not match format '%Y-%m-%d %H:%M:%S %Z'
Processing /mmt/wfsdat/20170106/auto_wfs_0006...
Failure in data loading or spot finding in /mmt/wfsdat/20170106/auto_wfs_0006: time data 'Fri Jan 06 2017       03:51:23 UTC' does not match format '%Y-%m-%d %H:%M:%S %Z'
Processing /mmt/wfsdat/20170106/auto_wfs_0019...
Failure in data loading or spot finding in /mmt/wfsdat/20170106/auto_wfs_0019: time data 'Fri Jan 06 2017       03:57:33 UTC' does not match format '%Y-%m-%d %H:%M:%S %Z'
Processing /mmt/wfsdat/20170106/auto_wfs_0001...
Failure in data loading or spot finding in /mmt/wfsdat/20170106/auto_wfs_0001: time data 'Fri Jan 06 2017       00:59:27 UTC' does not match format '%Y-%m-%d %H:%M:%S %Z'
Processing /mmt/wfsdat/20170106/auto_wfs_0012...
Failure in data loading or spot finding in /mmt/wfsdat/20170106/auto_wfs_0012: time data 'Fri Jan 06 2017       03:54:05 UTC' does not match format '%Y-%m-%d %H:%M:%S %Z'
Processing /mmt/wfsdat/20170106/auto_wfs_0014...
Failure in data loading or spot finding in /mmt/wfsdat/20170106/auto_wfs_0014: time data 'Fri Jan 06 2017       03:54:44 UTC' does not match format '%Y-%m-%d %H:%M:%S %Z'
Processing /mmt/wfsdat/20170106/auto_wfs_0015...
Failure in data loading or spot finding in /mmt/wfsdat/20170106/auto_wfs_0015: time data 'Fri Jan 06 2017       03:56:13 UTC' does not match format '%Y-%m-%d %H:%M:%S %Z'
Processing /mmt/wfsdat/20170106/auto_wfs_0017...
Failure in data loading or spot finding in /mmt/wfsdat/20170106/auto_wfs_0017: time data 'Fri Jan 06 2017       03:56:35 UTC' does not match format '%Y-%m-%d %H:%M:%S %Z'
Processing /mmt/wfsdat/20170106/auto_wfs_0021...
Failure in data loading or spot finding in /mmt/wfsdat/20170106/auto_wfs_0021: time data 'Fri Jan 06 2017       03:58:06 UTC' does not match format '%Y-%m-%d %H:%M:%S %Z'
Processing /mmt/wfsdat/20170106/manual_wfs_0000...
Failure in data loading or spot finding in /mmt/wfsdat/20170106/manual_wfs_0000: time data 'Fri Jan 06 2017       00:57:42 UTC' does not match format '%Y-%m-%d %H:%M:%S %Z'
Processing /mmt/wfsdat/20170106/manual_wfs_0002...
Failure in data loading or spot finding in /mmt/wfsdat/20170106/manual_wfs_0002: time data 'Fri Jan 06 2017       03:49:16 UTC' does not match format '%Y-%m-%d %H:%M:%S %Z'
Processing /mmt/wfsdat/20170106/manual_wfs_0004...
Failure in data loading or spot finding in /mmt/wfsdat/20170106/manual_wfs_0004: time data 'Fri Jan 06 2017       03:50:25 UTC' does not match format '%Y-%m-%d %H:%M:%S %Z'
Processing /mmt/wfsdat/20170106/tmp...
/mmt/wfsdat/20170106/tmp had 1 warnings when fitting 2D gaussians
/mmt/wfsdat/20170106/tmp had 132 warnings when fitting 2D Moffat profiles
Working in 20170107...
Processing /mmt/wfsdat/20170107/auto_wfs_0003...
Failure in data loading or spot finding in /mmt/wfsdat/20170107/auto_wfs_0003: time data 'Sat Jan 07 2017       01:26:24 UTC' does not match format '%Y-%m-%d %H:%M:%S %Z'
Processing /mmt/wfsdat/20170107/auto_wfs_0004...
Failure in data loading or spot finding in /mmt/wfsdat/20170107/auto_wfs_0004: time data 'Sat Jan 07 2017       01:26:47 UTC' does not match format '%Y-%m-%d %H:%M:%S %Z'
Processing /mmt/wfsdat/20170107/auto_wfs_0005...
Failure in data loading or spot finding in /mmt/wfsdat/20170107/auto_wfs_0005: time data 'Sat Jan 07 2017       01:27:01 UTC' does not match format '%Y-%m-%d %H:%M:%S %Z'
Processing /mmt/wfsdat/20170107/auto_wfs_0027...
Failure in data loading or spot finding in /mmt/wfsdat/20170107/auto_wfs_0027: time data 'Sat Jan 07 2017       02:26:36 UTC' does not match format '%Y-%m-%d %H:%M:%S %Z'
Processing /mmt/wfsdat/20170107/auto_wfs_0028...
Failure in data loading or spot finding in /mmt/wfsdat/20170107/auto_wfs_0028: time data 'Sat Jan 07 2017       02:26:45 UTC' does not match format '%Y-%m-%d %H:%M:%S %Z'
Not processing /mmt/wfsdat/20170107/auto_wfs_0028_ave because it's an average of multiple images
Processing /mmt/wfsdat/20170107/auto_wfs_0018...
Failure in data loading or spot finding in /mmt/wfsdat/20170107/auto_wfs_0018: time data 'Sat Jan 07 2017       02:23:34 UTC' does not match format '%Y-%m-%d %H:%M:%S %Z'
Processing /mmt/wfsdat/20170107/auto_wfs_0019...
Failure in data loading or spot finding in /mmt/wfsdat/20170107/auto_wfs_0019: time data 'Sat Jan 07 2017       02:23:43 UTC' does not match format '%Y-%m-%d %H:%M:%S %Z'
Not processing /mmt/wfsdat/20170107/auto_wfs_0019_ave because it's an average of multiple images
Not processing /mmt/wfsdat/20170107/auto_wfs_0022_ave because it's an average of multiple images
Processing /mmt/wfsdat/20170107/auto_wfs_0023...
Failure in data loading or spot finding in /mmt/wfsdat/20170107/auto_wfs_0023: time data 'Sat Jan 07 2017       02:25:25 UTC' does not match format '%Y-%m-%d %H:%M:%S %Z'
Processing /mmt/wfsdat/20170107/auto_wfs_0024...
Failure in data loading or spot finding in /mmt/wfsdat/20170107/auto_wfs_0024: time data 'Sat Jan 07 2017       02:25:34 UTC' does not match format '%Y-%m-%d %H:%M:%S %Z'
Processing /mmt/wfsdat/20170107/auto_wfs_0015...
Failure in data loading or spot finding in /mmt/wfsdat/20170107/auto_wfs_0015: time data 'Sat Jan 07 2017       01:31:48 UTC' does not match format '%Y-%m-%d %H:%M:%S %Z'
Processing /mmt/wfsdat/20170107/auto_wfs_0016...
Failure in data loading or spot finding in /mmt/wfsdat/20170107/auto_wfs_0016: time data 'Sat Jan 07 2017       02:23:03 UTC' does not match format '%Y-%m-%d %H:%M:%S %Z'
Processing /mmt/wfsdat/20170107/auto_wfs_0017...
Failure in data loading or spot finding in /mmt/wfsdat/20170107/auto_wfs_0017: time data 'Sat Jan 07 2017       02:23:24 UTC' does not match format '%Y-%m-%d %H:%M:%S %Z'
Processing /mmt/wfsdat/20170107/auto_wfs_0032...
Failure in data loading or spot finding in /mmt/wfsdat/20170107/auto_wfs_0032: time data 'Sat Jan 07 2017       04:19:38 UTC' does not match format '%Y-%m-%d %H:%M:%S %Z'
Not processing /mmt/wfsdat/20170107/auto_wfs_0032_ave because it's an average of multiple images
Processing /mmt/wfsdat/20170107/auto_wfs_0033...
Failure in data loading or spot finding in /mmt/wfsdat/20170107/auto_wfs_0033: time data 'Sat Jan 07 2017       04:20:15 UTC' does not match format '%Y-%m-%d %H:%M:%S %Z'
Processing /mmt/wfsdat/20170107/manual_wfs_0013...
Failure in data loading or spot finding in /mmt/wfsdat/20170107/manual_wfs_0013: time data 'Sat Jan 07 2017       05:34:42 UTC' does not match format '%Y-%m-%d %H:%M:%S %Z'
Processing /mmt/wfsdat/20170107/manual_wfs_0014...
Failure in data loading or spot finding in /mmt/wfsdat/20170107/manual_wfs_0014: time data 'Sat Jan 07 2017       07:48:11 UTC' does not match format '%Y-%m-%d %H:%M:%S %Z'
Processing /mmt/wfsdat/20170107/manual_wfs_0015...
Failure in data loading or spot finding in /mmt/wfsdat/20170107/manual_wfs_0015: time data 'Sat Jan 07 2017       07:48:40 UTC' does not match format '%Y-%m-%d %H:%M:%S %Z'
Processing /mmt/wfsdat/20170107/auto_wfs_0006...
Failure in data loading or spot finding in /mmt/wfsdat/20170107/auto_wfs_0006: time data 'Sat Jan 07 2017       01:27:10 UTC' does not match format '%Y-%m-%d %H:%M:%S %Z'
Processing /mmt/wfsdat/20170107/auto_wfs_0007...
Failure in data loading or spot finding in /mmt/wfsdat/20170107/auto_wfs_0007: time data 'Sat Jan 07 2017       01:27:24 UTC' does not match format '%Y-%m-%d %H:%M:%S %Z'
Processing /mmt/wfsdat/20170107/auto_wfs_0008...
Failure in data loading or spot finding in /mmt/wfsdat/20170107/auto_wfs_0008: time data 'Sat Jan 07 2017       01:28:54 UTC' does not match format '%Y-%m-%d %H:%M:%S %Z'
Processing /mmt/wfsdat/20170107/auto_wfs_0025...
Failure in data loading or spot finding in /mmt/wfsdat/20170107/auto_wfs_0025: time data 'Sat Jan 07 2017       02:25:43 UTC' does not match format '%Y-%m-%d %H:%M:%S %Z'
Not processing /mmt/wfsdat/20170107/auto_wfs_0025_ave because it's an average of multiple images
Processing /mmt/wfsdat/20170107/auto_wfs_0026...
Failure in data loading or spot finding in /mmt/wfsdat/20170107/auto_wfs_0026: time data 'Sat Jan 07 2017       02:26:27 UTC' does not match format '%Y-%m-%d %H:%M:%S %Z'
Processing /mmt/wfsdat/20170107/auto_wfs_0036...
Failure in data loading or spot finding in /mmt/wfsdat/20170107/auto_wfs_0036: time data 'Sat Jan 07 2017       04:21:12 UTC' does not match format '%Y-%m-%d %H:%M:%S %Z'
Processing /mmt/wfsdat/20170107/auto_wfs_0037...
Failure in data loading or spot finding in /mmt/wfsdat/20170107/auto_wfs_0037: time data 'Sat Jan 07 2017       04:21:21 UTC' does not match format '%Y-%m-%d %H:%M:%S %Z'
Processing /mmt/wfsdat/20170107/auto_wfs_0038...
Failure in data loading or spot finding in /mmt/wfsdat/20170107/auto_wfs_0038: time data 'Sat Jan 07 2017       04:21:32 UTC' does not match format '%Y-%m-%d %H:%M:%S %Z'
Processing /mmt/wfsdat/20170107/manual_wfs_0007...
Failure in data loading or spot finding in /mmt/wfsdat/20170107/manual_wfs_0007: time data 'Sat Jan 07 2017       01:29:33 UTC' does not match format '%Y-%m-%d %H:%M:%S %Z'
Processing /mmt/wfsdat/20170107/manual_wfs_0008...
Failure in data loading or spot finding in /mmt/wfsdat/20170107/manual_wfs_0008: time data 'Sat Jan 07 2017       01:29:58 UTC' does not match format '%Y-%m-%d %H:%M:%S %Z'
Processing /mmt/wfsdat/20170107/manual_wfs_0009...
Failure in data loading or spot finding in /mmt/wfsdat/20170107/manual_wfs_0009: time data 'Sat Jan 07 2017       01:30:58 UTC' does not match format '%Y-%m-%d %H:%M:%S %Z'
Processing /mmt/wfsdat/20170107/auto_wfs_0020...
Failure in data loading or spot finding in /mmt/wfsdat/20170107/auto_wfs_0020: time data 'Sat Jan 07 2017       02:24:22 UTC' does not match format '%Y-%m-%d %H:%M:%S %Z'
Processing /mmt/wfsdat/20170107/auto_wfs_0021...
Failure in data loading or spot finding in /mmt/wfsdat/20170107/auto_wfs_0021: time data 'Sat Jan 07 2017       02:24:31 UTC' does not match format '%Y-%m-%d %H:%M:%S %Z'
Processing /mmt/wfsdat/20170107/auto_wfs_0022...
Failure in data loading or spot finding in /mmt/wfsdat/20170107/auto_wfs_0022: time data 'Sat Jan 07 2017       02:24:41 UTC' does not match format '%Y-%m-%d %H:%M:%S %Z'
Processing /mmt/wfsdat/20170107/auto_wfs_0000...
Failure in data loading or spot finding in /mmt/wfsdat/20170107/auto_wfs_0000: time data 'Sat Jan 07 2017       01:25:42 UTC' does not match format '%Y-%m-%d %H:%M:%S %Z'
Processing /mmt/wfsdat/20170107/auto_wfs_0001...
Failure in data loading or spot finding in /mmt/wfsdat/20170107/auto_wfs_0001: time data 'Sat Jan 07 2017       01:25:58 UTC' does not match format '%Y-%m-%d %H:%M:%S %Z'
Processing /mmt/wfsdat/20170107/auto_wfs_0002...
Failure in data loading or spot finding in /mmt/wfsdat/20170107/auto_wfs_0002: time data 'Sat Jan 07 2017       01:26:08 UTC' does not match format '%Y-%m-%d %H:%M:%S %Z'
Processing /mmt/wfsdat/20170107/auto_wfs_0034...
Failure in data loading or spot finding in /mmt/wfsdat/20170107/auto_wfs_0034: time data 'Sat Jan 07 2017       04:20:25 UTC' does not match format '%Y-%m-%d %H:%M:%S %Z'
Processing /mmt/wfsdat/20170107/auto_wfs_0035...
Failure in data loading or spot finding in /mmt/wfsdat/20170107/auto_wfs_0035: time data 'Sat Jan 07 2017       04:20:35 UTC' does not match format '%Y-%m-%d %H:%M:%S %Z'
Not processing /mmt/wfsdat/20170107/auto_wfs_0035_ave because it's an average of multiple images
Processing /mmt/wfsdat/20170107/manual_wfs_0004...
Failure in data loading or spot finding in /mmt/wfsdat/20170107/manual_wfs_0004: time data 'Sat Jan 07 2017       01:28:07 UTC' does not match format '%Y-%m-%d %H:%M:%S %Z'
Processing /mmt/wfsdat/20170107/manual_wfs_0005...
Failure in data loading or spot finding in /mmt/wfsdat/20170107/manual_wfs_0005: time data 'Sat Jan 07 2017       01:28:17 UTC' does not match format '%Y-%m-%d %H:%M:%S %Z'
Processing /mmt/wfsdat/20170107/manual_wfs_0006...
Failure in data loading or spot finding in /mmt/wfsdat/20170107/manual_wfs_0006: time data 'Sat Jan 07 2017       01:28:26 UTC' does not match format '%Y-%m-%d %H:%M:%S %Z'
Processing /mmt/wfsdat/20170107/manual_wfs_0016...
Failure in data loading or spot finding in /mmt/wfsdat/20170107/manual_wfs_0016: time data 'Sat Jan 07 2017       07:49:33 UTC' does not match format '%Y-%m-%d %H:%M:%S %Z'
Processing /mmt/wfsdat/20170107/manual_wfs_0017...
Failure in data loading or spot finding in /mmt/wfsdat/20170107/manual_wfs_0017: time data 'Sat Jan 07 2017       12:57:55 UTC' does not match format '%Y-%m-%d %H:%M:%S %Z'
Processing /mmt/wfsdat/20170107/manual_wfs_0018...
Failure in data loading or spot finding in /mmt/wfsdat/20170107/manual_wfs_0018: time data 'Sat Jan 07 2017       12:58:23 UTC' does not match format '%Y-%m-%d %H:%M:%S %Z'
Processing /mmt/wfsdat/20170107/auto_wfs_0012...
Failure in data loading or spot finding in /mmt/wfsdat/20170107/auto_wfs_0012: time data 'Sat Jan 07 2017       01:31:25 UTC' does not match format '%Y-%m-%d %H:%M:%S %Z'
Processing /mmt/wfsdat/20170107/auto_wfs_0013...
Failure in data loading or spot finding in /mmt/wfsdat/20170107/auto_wfs_0013: time data 'Sat Jan 07 2017       01:31:33 UTC' does not match format '%Y-%m-%d %H:%M:%S %Z'
Processing /mmt/wfsdat/20170107/auto_wfs_0014...
Failure in data loading or spot finding in /mmt/wfsdat/20170107/auto_wfs_0014: time data 'Sat Jan 07 2017       01:31:40 UTC' does not match format '%Y-%m-%d %H:%M:%S %Z'
Not processing /mmt/wfsdat/20170107/auto_wfs_0038_ave because it's an average of multiple images
Processing /mmt/wfsdat/20170107/back...
Failure in data loading or spot finding in /mmt/wfsdat/20170107/back: time data 'Sat Jan 07 2017       12:58:44 UTC' does not match format '%Y-%m-%d %H:%M:%S %Z'
Processing /mmt/wfsdat/20170107/manual_wfs_0000...
Failure in data loading or spot finding in /mmt/wfsdat/20170107/manual_wfs_0000: time data 'Sat Jan 07 2017       01:23:51 UTC' does not match format '%Y-%m-%d %H:%M:%S %Z'
Processing /mmt/wfsdat/20170107/manual_wfs_0010...
Failure in data loading or spot finding in /mmt/wfsdat/20170107/manual_wfs_0010: time data 'Sat Jan 07 2017       02:22:27 UTC' does not match format '%Y-%m-%d %H:%M:%S %Z'
Processing /mmt/wfsdat/20170107/manual_wfs_0011...
Failure in data loading or spot finding in /mmt/wfsdat/20170107/manual_wfs_0011: time data 'Sat Jan 07 2017       04:18:15 UTC' does not match format '%Y-%m-%d %H:%M:%S %Z'
Processing /mmt/wfsdat/20170107/manual_wfs_0012...
Failure in data loading or spot finding in /mmt/wfsdat/20170107/manual_wfs_0012: time data 'Sat Jan 07 2017       05:34:13 UTC' does not match format '%Y-%m-%d %H:%M:%S %Z'
